2025-03-09 10:50:49,923 - INFO - Bot is starting...
2025-03-09 10:50:50,161 - INFO - Bot is running and waiting for commands...
2025-03-09 10:50:50,863 - INFO - HTTP Request: POST https://api.telegram.org/bot8195046189:AAGAj9EHKJBJZF9HvGEooFDb5e4Engswx9g/getMe "HTTP/1.1 200 OK"
2025-03-09 10:50:51,042 - INFO - HTTP Request: POST https://api.telegram.org/bot8195046189:AAGAj9EHKJBJZF9HvGEooFDb5e4Engswx9g/deleteWebhook "HTTP/1.1 200 OK"
2025-03-09 10:50:51,074 - INFO - Application started
2025-03-09 10:51:01,742 - INFO - HTTP Request: POST https://api.telegram.org/bot8195046189:AAGAj9EHKJBJZF9HvGEooFDb5e4Engswx9g/getUpdates "HTTP/1.1 200 OK"
2025-03-09 10:51:04,876 - INFO - HTTP Request: POST https://api.telegram.org/bot8195046189:AAGAj9EHKJBJZF9HvGEooFDb5e4Engswx9g/getUpdates "HTTP/1.1 200 OK"
2025-03-09 10:51:15,051 - INFO - HTTP Request: POST https://api.telegram.org/bot8195046189:AAGAj9EHKJBJZF9HvGEooFDb5e4Engswx9g/getUpdates "HTTP/1.1 200 OK"
2025-03-09 10:51:24,015 - INFO - HTTP Request: POST https://api.telegram.org/bot8195046189:AAGAj9EHKJBJZF9HvGEooFDb5e4Engswx9g/getUpdates "HTTP/1.1 200 OK"
2025-03-09 10:51:24,016 - INFO - Application is stopping. This might take a moment.
2025-03-09 10:51:24,017 - INFO - Application.stop() complete
2025-03-09 10:51:27,865 - INFO - Bot is starting...
2025-03-09 10:51:28,030 - INFO - Bot is running and waiting for commands...
2025-03-09 10:51:28,699 - INFO - HTTP Request: POST https://api.telegram.org/bot8195046189:AAGAj9EHKJBJZF9HvGEooFDb5e4Engswx9g/getMe "HTTP/1.1 200 OK"
2025-03-09 10:51:28,884 - INFO - HTTP Request: POST https://api.telegram.org/bot8195046189:AAGAj9EHKJBJZF9HvGEooFDb5e4Engswx9g/deleteWebhook "HTTP/1.1 200 OK"
2025-03-09 10:51:28,887 - INFO - Application started
2025-03-09 10:51:34,750 - INFO - HTTP Request: POST https://api.telegram.org/bot8195046189:AAGAj9EHKJBJZF9HvGEooFDb5e4Engswx9g/getUpdates "HTTP/1.1 200 OK"
2025-03-09 10:51:34,752 - INFO - User 1388500594 set Question Paper ID to Asdasd.
2025-03-09 10:51:35,508 - INFO - HTTP Request: POST https://api.telegram.org/bot8195046189:AAGAj9EHKJBJZF9HvGEooFDb5e4Engswx9g/sendMessage "HTTP/1.1 200 OK"
2025-03-09 10:51:44,943 - INFO - HTTP Request: POST https://api.telegram.org/bot8195046189:AAGAj9EHKJBJZF9HvGEooFDb5e4Engswx9g/getUpdates "HTTP/1.1 200 OK"
2025-03-09 10:51:49,103 - INFO - HTTP Request: POST https://api.telegram.org/bot8195046189:AAGAj9EHKJBJZF9HvGEooFDb5e4Engswx9g/getUpdates "HTTP/1.1 200 OK"
2025-03-09 10:51:49,744 - INFO - HTTP Request: POST https://api.telegram.org/bot8195046189:AAGAj9EHKJBJZF9HvGEooFDb5e4Engswx9g/getFile "HTTP/1.1 200 OK"
2025-03-09 10:51:50,275 - INFO - HTTP Request: GET https://api.telegram.org/file/bot8195046189%3AAAGAj9EHKJBJZF9HvGEooFDb5e4Engswx9g/photos/file_0.jpg "HTTP/1.1 200 OK"
2025-03-09 10:51:50,777 - INFO - User 1388500594 uploaded an OMR image. Saved as omr_1388500594.jpg. Processing...
2025-03-09 10:51:50,777 - INFO - Processing OMR image: omr_1388500594.jpg
2025-03-09 10:51:51,858 - INFO - Detected 6747 marked answers.
2025-03-09 10:51:51,860 - INFO - User 1388500594 got a score of 6747 for QPID Asdasd.
2025-03-09 10:51:52,273 - INFO - HTTP Request: POST https://api.telegram.org/bot8195046189:AAGAj9EHKJBJZF9HvGEooFDb5e4Engswx9g/sendMessage "HTTP/1.1 200 OK"
2025-03-09 10:51:59,289 - INFO - HTTP Request: POST https://api.telegram.org/bot8195046189:AAGAj9EHKJBJZF9HvGEooFDb5e4Engswx9g/getUpdates "HTTP/1.1 200 OK"
2025-03-09 10:52:09,474 - INFO - HTTP Request: POST https://api.telegram.org/bot8195046189:AAGAj9EHKJBJZF9HvGEooFDb5e4Engswx9g/getUpdates "HTTP/1.1 200 OK"
2025-03-09 10:52:19,831 - INFO - HTTP Request: POST https://api.telegram.org/bot8195046189:AAGAj9EHKJBJZF9HvGEooFDb5e4Engswx9g/getUpdates "HTTP/1.1 200 OK"
2025-03-09 10:52:30,030 - INFO - HTTP Request: POST https://api.telegram.org/bot8195046189:AAGAj9EHKJBJZF9HvGEooFDb5e4Engswx9g/getUpdates "HTTP/1.1 200 OK"
2025-03-09 10:52:40,354 - INFO - HTTP Request: POST https://api.telegram.org/bot8195046189:AAGAj9EHKJBJZF9HvGEooFDb5e4Engswx9g/getUpdates "HTTP/1.1 200 OK"
2025-03-09 10:52:50,687 - INFO - HTTP Request: POST https://api.telegram.org/bot8195046189:AAGAj9EHKJBJZF9HvGEooFDb5e4Engswx9g/getUpdates "HTTP/1.1 200 OK"
2025-03-09 10:53:00,865 - INFO - HTTP Request: POST https://api.telegram.org/bot8195046189:AAGAj9EHKJBJZF9HvGEooFDb5e4Engswx9g/getUpdates "HTTP/1.1 200 OK"
2025-03-09 10:53:11,050 - INFO - HTTP Request: POST https://api.telegram.org/bot8195046189:AAGAj9EHKJBJZF9HvGEooFDb5e4Engswx9g/getUpdates "HTTP/1.1 200 OK"
2025-03-09 10:53:21,232 - INFO - HTTP Request: POST https://api.telegram.org/bot8195046189:AAGAj9EHKJBJZF9HvGEooFDb5e4Engswx9g/getUpdates "HTTP/1.1 200 OK"
2025-03-09 10:56:57,397 - INFO - Bot is starting...
2025-03-09 10:56:57,697 - INFO - Bot is running and waiting for commands...
2025-03-09 10:56:58,375 - INFO - HTTP Request: POST https://api.telegram.org/bot8195046189:AAGAj9EHKJBJZF9HvGEooFDb5e4Engswx9g/getMe "HTTP/1.1 200 OK"
2025-03-09 10:56:58,548 - INFO - HTTP Request: POST https://api.telegram.org/bot8195046189:AAGAj9EHKJBJZF9HvGEooFDb5e4Engswx9g/deleteWebhook "HTTP/1.1 200 OK"
2025-03-09 10:56:58,551 - INFO - Application started
2025-03-09 10:57:04,609 - INFO - HTTP Request: POST https://api.telegram.org/bot8195046189:AAGAj9EHKJBJZF9HvGEooFDb5e4Engswx9g/getUpdates "HTTP/1.1 200 OK"
2025-03-09 10:57:04,610 - INFO - Application is stopping. This might take a moment.
2025-03-09 10:57:04,610 - INFO - Application.stop() complete
2025-03-09 10:58:15,233 - INFO - Bot is starting...
2025-03-09 10:58:15,518 - INFO - Bot is running and waiting for commands...
2025-03-09 10:58:16,243 - INFO - HTTP Request: POST https://api.telegram.org/bot8195046189:AAGAj9EHKJBJZF9HvGEooFDb5e4Engswx9g/getMe "HTTP/1.1 200 OK"
2025-03-09 10:58:16,445 - INFO - HTTP Request: POST https://api.telegram.org/bot8195046189:AAGAj9EHKJBJZF9HvGEooFDb5e4Engswx9g/deleteWebhook "HTTP/1.1 200 OK"
2025-03-09 10:58:16,448 - INFO - Application started
2025-03-09 10:58:21,213 - INFO - HTTP Request: POST https://api.telegram.org/bot8195046189:AAGAj9EHKJBJZF9HvGEooFDb5e4Engswx9g/getUpdates "HTTP/1.1 200 OK"
2025-03-09 10:58:21,215 - INFO - User 1388500594 set Question Paper ID to asdasd.
2025-03-09 10:58:21,995 - INFO - HTTP Request: POST https://api.telegram.org/bot8195046189:AAGAj9EHKJBJZF9HvGEooFDb5e4Engswx9g/sendMessage "HTTP/1.1 200 OK"
2025-03-09 10:58:31,400 - INFO - HTTP Request: POST https://api.telegram.org/bot8195046189:AAGAj9EHKJBJZF9HvGEooFDb5e4Engswx9g/getUpdates "HTTP/1.1 200 OK"
2025-03-09 10:58:35,475 - INFO - HTTP Request: POST https://api.telegram.org/bot8195046189:AAGAj9EHKJBJZF9HvGEooFDb5e4Engswx9g/getUpdates "HTTP/1.1 200 OK"
2025-03-09 10:58:37,110 - INFO - HTTP Request: POST https://api.telegram.org/bot8195046189:AAGAj9EHKJBJZF9HvGEooFDb5e4Engswx9g/getFile "HTTP/1.1 200 OK"
2025-03-09 10:58:37,652 - INFO - HTTP Request: GET https://api.telegram.org/file/bot8195046189%3AAAGAj9EHKJBJZF9HvGEooFDb5e4Engswx9g/photos/file_1.jpg "HTTP/1.1 200 OK"
2025-03-09 10:58:38,021 - INFO - User 1388500594 uploaded an OMR image. Saved as omr_1388500594.jpg. Processing...
2025-03-09 10:58:38,021 - ERROR - Error processing OMR image for user 1388500594: main() takes 0 positional arguments but 1 was given
2025-03-09 10:58:38,511 - INFO - HTTP Request: POST https://api.telegram.org/bot8195046189:AAGAj9EHKJBJZF9HvGEooFDb5e4Engswx9g/sendMessage "HTTP/1.1 200 OK"
2025-03-09 10:58:45,700 - INFO - HTTP Request: POST https://api.telegram.org/bot8195046189:AAGAj9EHKJBJZF9HvGEooFDb5e4Engswx9g/getUpdates "HTTP/1.1 200 OK"
2025-03-09 10:58:55,987 - INFO - HTTP Request: POST https://api.telegram.org/bot8195046189:AAGAj9EHKJBJZF9HvGEooFDb5e4Engswx9g/getUpdates "HTTP/1.1 200 OK"
2025-03-09 10:59:06,163 - INFO - HTTP Request: POST https://api.telegram.org/bot8195046189:AAGAj9EHKJBJZF9HvGEooFDb5e4Engswx9g/getUpdates "HTTP/1.1 200 OK"
2025-03-09 10:59:16,382 - INFO - HTTP Request: POST https://api.telegram.org/bot8195046189:AAGAj9EHKJBJZF9HvGEooFDb5e4Engswx9g/getUpdates "HTTP/1.1 200 OK"
2025-03-09 10:59:26,622 - INFO - HTTP Request: POST https://api.telegram.org/bot8195046189:AAGAj9EHKJBJZF9HvGEooFDb5e4Engswx9g/getUpdates "HTTP/1.1 200 OK"
2025-03-09 10:59:36,798 - INFO - HTTP Request: POST https://api.telegram.org/bot8195046189:AAGAj9EHKJBJZF9HvGEooFDb5e4Engswx9g/getUpdates "HTTP/1.1 200 OK"
2025-03-09 10:59:46,991 - INFO - HTTP Request: POST https://api.telegram.org/bot8195046189:AAGAj9EHKJBJZF9HvGEooFDb5e4Engswx9g/getUpdates "HTTP/1.1 200 OK"
2025-03-09 10:59:57,182 - INFO - HTTP Request: POST https://api.telegram.org/bot8195046189:AAGAj9EHKJBJZF9HvGEooFDb5e4Engswx9g/getUpdates "HTTP/1.1 200 OK"
2025-03-09 11:00:07,366 - INFO - HTTP Request: POST https://api.telegram.org/bot8195046189:AAGAj9EHKJBJZF9HvGEooFDb5e4Engswx9g/getUpdates "HTTP/1.1 200 OK"
2025-03-09 11:00:17,547 - INFO - HTTP Request: POST https://api.telegram.org/bot8195046189:AAGAj9EHKJBJZF9HvGEooFDb5e4Engswx9g/getUpdates "HTTP/1.1 200 OK"
2025-03-09 11:00:27,755 - INFO - HTTP Request: POST https://api.telegram.org/bot8195046189:AAGAj9EHKJBJZF9HvGEooFDb5e4Engswx9g/getUpdates "HTTP/1.1 200 OK"
2025-03-09 11:00:37,932 - INFO - HTTP Request: POST https://api.telegram.org/bot8195046189:AAGAj9EHKJBJZF9HvGEooFDb5e4Engswx9g/getUpdates "HTTP/1.1 200 OK"
2025-03-09 11:00:48,131 - INFO - HTTP Request: POST https://api.telegram.org/bot8195046189:AAGAj9EHKJBJZF9HvGEooFDb5e4Engswx9g/getUpdates "HTTP/1.1 200 OK"
2025-03-09 11:00:58,312 - INFO - HTTP Request: POST https://api.telegram.org/bot8195046189:AAGAj9EHKJBJZF9HvGEooFDb5e4Engswx9g/getUpdates "HTTP/1.1 200 OK"
2025-03-09 11:01:05,519 - INFO - HTTP Request: POST https://api.telegram.org/bot8195046189:AAGAj9EHKJBJZF9HvGEooFDb5e4Engswx9g/getUpdates "HTTP/1.1 200 OK"
2025-03-09 11:01:05,520 - INFO - Application is stopping. This might take a moment.
2025-03-09 11:01:05,521 - INFO - Application.stop() complete
2025-03-09 11:02:29,917 - INFO - Bot is starting...
2025-03-09 11:02:30,370 - INFO - Bot is running and waiting for commands...
2025-03-09 11:02:31,200 - INFO - HTTP Request: POST https://api.telegram.org/bot8195046189:AAGAj9EHKJBJZF9HvGEooFDb5e4Engswx9g/getMe "HTTP/1.1 200 OK"
2025-03-09 11:02:31,396 - INFO - HTTP Request: POST https://api.telegram.org/bot8195046189:AAGAj9EHKJBJZF9HvGEooFDb5e4Engswx9g/deleteWebhook "HTTP/1.1 200 OK"
2025-03-09 11:02:31,402 - INFO - Application started
2025-03-09 11:02:41,960 - INFO - HTTP Request: POST https://api.telegram.org/bot8195046189:AAGAj9EHKJBJZF9HvGEooFDb5e4Engswx9g/getUpdates "HTTP/1.1 200 OK"
2025-03-09 11:02:52,151 - INFO - HTTP Request: POST https://api.telegram.org/bot8195046189:AAGAj9EHKJBJZF9HvGEooFDb5e4Engswx9g/getUpdates "HTTP/1.1 200 OK"
2025-03-09 11:02:52,654 - INFO - HTTP Request: POST https://api.telegram.org/bot8195046189:AAGAj9EHKJBJZF9HvGEooFDb5e4Engswx9g/getUpdates "HTTP/1.1 200 OK"
2025-03-09 11:02:52,658 - INFO - User 1388500594 set Question Paper ID to asdasd.
2025-03-09 11:02:53,421 - INFO - HTTP Request: POST https://api.telegram.org/bot8195046189:AAGAj9EHKJBJZF9HvGEooFDb5e4Engswx9g/sendMessage "HTTP/1.1 200 OK"
2025-03-09 11:03:02,842 - INFO - HTTP Request: POST https://api.telegram.org/bot8195046189:AAGAj9EHKJBJZF9HvGEooFDb5e4Engswx9g/getUpdates "HTTP/1.1 200 OK"
2025-03-09 11:03:03,352 - INFO - HTTP Request: POST https://api.telegram.org/bot8195046189:AAGAj9EHKJBJZF9HvGEooFDb5e4Engswx9g/getUpdates "HTTP/1.1 200 OK"
2025-03-09 11:03:03,955 - INFO - HTTP Request: POST https://api.telegram.org/bot8195046189:AAGAj9EHKJBJZF9HvGEooFDb5e4Engswx9g/getFile "HTTP/1.1 200 OK"
2025-03-09 11:03:04,775 - INFO - HTTP Request: GET https://api.telegram.org/file/bot8195046189%3AAAGAj9EHKJBJZF9HvGEooFDb5e4Engswx9g/photos/file_1.jpg "HTTP/1.1 200 OK"
2025-03-09 11:03:05,426 - INFO - User 1388500594 uploaded an OMR image. Saved as omr_1388500594.jpg. Processing...
2025-03-09 11:03:22,216 - ERROR - Error processing OMR image for user 1388500594: OpenCV(4.11.0) D:\a\opencv-python\opencv-python\opencv\modules\imgcodecs\src\loadsave.cpp:929: error: (-215:Assertion failed) !_img.empty() in function 'cv::imwrite'

2025-03-09 11:03:22,226 - INFO - HTTP Request: POST https://api.telegram.org/bot8195046189:AAGAj9EHKJBJZF9HvGEooFDb5e4Engswx9g/getUpdates "HTTP/1.1 200 OK"
2025-03-09 11:03:23,099 - INFO - HTTP Request: POST https://api.telegram.org/bot8195046189:AAGAj9EHKJBJZF9HvGEooFDb5e4Engswx9g/sendMessage "HTTP/1.1 200 OK"
2025-03-09 11:03:32,428 - INFO - HTTP Request: POST https://api.telegram.org/bot8195046189:AAGAj9EHKJBJZF9HvGEooFDb5e4Engswx9g/getUpdates "HTTP/1.1 200 OK"
2025-03-09 11:03:42,613 - INFO - HTTP Request: POST https://api.telegram.org/bot8195046189:AAGAj9EHKJBJZF9HvGEooFDb5e4Engswx9g/getUpdates "HTTP/1.1 200 OK"
2025-03-09 11:03:52,830 - INFO - HTTP Request: POST https://api.telegram.org/bot8195046189:AAGAj9EHKJBJZF9HvGEooFDb5e4Engswx9g/getUpdates "HTTP/1.1 200 OK"
2025-03-09 11:03:58,540 - INFO - HTTP Request: POST https://api.telegram.org/bot8195046189:AAGAj9EHKJBJZF9HvGEooFDb5e4Engswx9g/getUpdates "HTTP/1.1 200 OK"
2025-03-09 11:03:58,542 - INFO - Application is stopping. This might take a moment.
2025-03-09 11:03:58,542 - INFO - Application.stop() complete
